<?xml version="1.0" encoding="UTF-8"?>
<!-- Generated by org.testng.reporters.JUnitXMLReporter -->
<testsuite hostname="LAPTOP-8RLD6N1L" ignored="0" name="Default test" tests="6" failures="0" timestamp="07 Oct 2021 05:22:52 GMT" time="0.063" errors="0">
  <testcase name="Test1" time="0.012" classname="test.org.SampleThread"/>
  <testcase name="Test2" time="0.003" classname="test.org.SampleThread"/>
  <testcase name="Test3" time="0.001" classname="test.org.SampleThread"/>
  <testcase name="Test4" time="0.003" classname="test.org.SampleThread"/>
  <testcase name="Test5" time="0.002" classname="test.org.SampleThread"/>
  <testcase name="Test6" time="0.003" classname="test.org.SampleThread"/>
</testsuite> <!-- Default test -->
