<?xml version="1.0" encoding="UTF-8"?>
<testng-results skipped="0" failed="0" ignored="0" total="6" passed="6">
  <reporter-output>
  </reporter-output>
  <suite name="Default suite" duration-ms="63" started-at="2021-10-07T05:22:52Z" finished-at="2021-10-07T05:22:52Z">
    <groups>
    </groups>
    <test name="Default test" duration-ms="63" started-at="2021-10-07T05:22:52Z" finished-at="2021-10-07T05:22:52Z">
      <class name="test.org.SampleThread">
        <test-method status="PASS" signature="Test1()[pri:0, instance:test.org.SampleThread@5e5792a0]" name="Test1" duration-ms="12" started-at="2021-10-07T05:22:52Z" finished-at="2021-10-07T05:22:52Z">
          <reporter-output>
          </reporter-output>
        </test-method> <!-- Test1 -->
        <test-method status="PASS" signature="Test2()[pri:0, instance:test.org.SampleThread@5e5792a0]" name="Test2" duration-ms="3" started-at="2021-10-07T05:22:52Z" finished-at="2021-10-07T05:22:52Z">
          <reporter-output>
          </reporter-output>
        </test-method> <!-- Test2 -->
        <test-method status="PASS" signature="Test3()[pri:0, instance:test.org.SampleThread@5e5792a0]" name="Test3" duration-ms="1" started-at="2021-10-07T05:22:52Z" finished-at="2021-10-07T05:22:52Z">
          <reporter-output>
          </reporter-output>
        </test-method> <!-- Test3 -->
        <test-method status="PASS" signature="Test4()[pri:0, instance:test.org.SampleThread@5e5792a0]" name="Test4" duration-ms="3" started-at="2021-10-07T05:22:52Z" finished-at="2021-10-07T05:22:52Z">
          <reporter-output>
          </reporter-output>
        </test-method> <!-- Test4 -->
        <test-method status="PASS" signature="Test5()[pri:0, instance:test.org.SampleThread@5e5792a0]" name="Test5" duration-ms="2" started-at="2021-10-07T05:22:52Z" finished-at="2021-10-07T05:22:52Z">
          <reporter-output>
          </reporter-output>
        </test-method> <!-- Test5 -->
        <test-method status="PASS" signature="Test6()[pri:0, instance:test.org.SampleThread@5e5792a0]" name="Test6" duration-ms="3" started-at="2021-10-07T05:22:52Z" finished-at="2021-10-07T05:22:52Z">
          <reporter-output>
          </reporter-output>
        </test-method> <!-- Test6 -->
      </class> <!-- test.org.SampleThread -->
    </test> <!-- Default test -->
  </suite> <!-- Default suite -->
</testng-results>
